<?xml version="1.0" encoding="UTF-8"?>
<testsuite name="mpkprojekt.AppTest" tests="1" skipped="0" failures="0" errors="0" timestamp="2023-05-24T09:39:45" hostname="DESKTOP-MR9N7KJ" time="0.027">
  <properties/>
  <testcase name="appHasAGreeting()" classname="mpkprojekt.AppTest" time="0.027"/>
  <system-out><![CDATA[]]></system-out>
  <system-err><![CDATA[]]></system-err>
</testsuite>
